<?xml version="1.0" encoding="UTF-8"?>
<!-- Generated by org.testng.reporters.JUnitReportReporter -->
<testsuite hostname="DESKTOP-H7UE10A" failures="0" tests="2" name="Basic_TestNG.MyntraTest" time="0.023" errors="0" timestamp="2024-02-28T11:22:56 IST" skipped="0">
  <testcase classname="Basic_TestNG.MyntraTest" name="Facebook" time="0.017"/>
  <system-out/>
  <testcase classname="Basic_TestNG.MyntraTest" name="ZARA" time="0.006"/>
  <system-out/>
</testsuite> <!-- Basic_TestNG.MyntraTest -->
