<?xml version="1.0" encoding="UTF-8"?>
<!-- Generated by org.testng.reporters.JUnitReportReporter -->
<testsuite hostname="DESKTOP-H7UE10A" failures="0" tests="5" name="Basic_TestNG.AjioTest" time="40.586" errors="0" timestamp="2024-02-28T10:36:47 IST" skipped="0">
  <testcase classname="Basic_TestNG.AjioTest" name="Facebook" time="5.061"/>
  <system-out/>
  <testcase classname="Basic_TestNG.AjioTest" name="Facebook" time="5.972"/>
  <system-out/>
  <testcase classname="Basic_TestNG.AjioTest" name="Amazon" time="5.642"/>
  <system-out/>
  <testcase classname="Basic_TestNG.AjioTest" name="Myntra" time="11.094"/>
  <system-out/>
  <testcase classname="Basic_TestNG.AjioTest" name="Myntra" time="12.817"/>
  <system-out/>
</testsuite> <!-- Basic_TestNG.AjioTest -->
