<?xml version="1.0" encoding="UTF-8"?>
<!-- Generated by org.testng.reporters.JUnitReportReporter -->
<testsuite hostname="DESKTOP-H7UE10A" failures="0" tests="4" name="Basic_TestNG.execution1" time="173.878" errors="0" timestamp="2024-03-07T11:35:46 IST" skipped="0">
  <testcase classname="Basic_TestNG.execution1" name="FlipkartTest" time="26.780"/>
  <system-out/>
  <testcase classname="Basic_TestNG.execution1" name="MyntraTest" time="22.890"/>
  <system-out/>
  <testcase classname="Basic_TestNG.execution1" name="ZomatoTest" time="72.485"/>
  <system-out/>
  <testcase classname="Basic_TestNG.execution1" name="SwiggyTest" time="51.723"/>
  <system-out/>
</testsuite> <!-- Basic_TestNG.execution1 -->
