<?xml version="1.0" encoding="UTF-8"?>
<!-- Generated by org.testng.reporters.JUnitReportReporter -->
<testsuite hostname="DESKTOP-H7UE10A" failures="0" tests="1" name="vtigerCRM.Organisation" time="84.214" errors="0" timestamp="2024-03-06T12:30:10 IST" skipped="0">
  <testcase classname="vtigerCRM.Organisation" name="OrganigationTest" time="84.214"/>
  <system-out>
    <![CDATA[OrganigationTestTestscript Exuction is started]]>
  </system-out>
</testsuite> <!-- vtigerCRM.Organisation -->
