<?xml version="1.0" encoding="UTF-8"?>
<!-- Generated by org.testng.reporters.JUnitReportReporter -->
<testsuite hostname="DESKTOP-H7UE10A" failures="0" tests="1" name="vtigerCRM.OrganizationTestNG" time="24.517" errors="0" timestamp="2024-03-09T12:33:43 IST" skipped="0">
  <testcase classname="vtigerCRM.OrganizationTestNG" name="OrganigationTest" time="24.517"/>
  <system-out>
    <![CDATA[OrganigationTestTestscript Exuction is started]]>
  </system-out>
</testsuite> <!-- vtigerCRM.OrganizationTestNG -->
