<?xml version="1.0" encoding="UTF-8"?>
<!-- Generated by org.testng.reporters.JUnitReportReporter -->
<testsuite hostname="DESKTOP-H7UE10A" failures="0" tests="2" name="Basic_TestNG.Execution4" time="180.005" errors="0" timestamp="2024-03-07T11:22:57 IST" skipped="0">
  <testcase classname="Basic_TestNG.Execution4" name="AjioTest" time="49.379"/>
  <system-out/>
  <testcase classname="Basic_TestNG.Execution4" name="AjioTest" time="130.626"/>
  <system-out/>
</testsuite> <!-- Basic_TestNG.Execution4 -->
