<?xml version="1.0" encoding="UTF-8"?>
<!-- Generated by org.testng.reporters.JUnitReportReporter -->
<testsuite hostname="DESKTOP-H7UE10A" failures="0" tests="4" name="Basic_TestNG.execution2" time="120.275" errors="0" timestamp="2024-03-07T11:35:46 IST" skipped="0">
  <testcase classname="Basic_TestNG.execution2" name="SwiggyTest" time="22.233"/>
  <system-out/>
  <testcase classname="Basic_TestNG.execution2" name="FlipkartTest" time="45.440"/>
  <system-out/>
  <testcase classname="Basic_TestNG.execution2" name="MyntraTest" time="28.429"/>
  <system-out/>
  <testcase classname="Basic_TestNG.execution2" name="ZomatoTest" time="24.173"/>
  <system-out/>
</testsuite> <!-- Basic_TestNG.execution2 -->
