<?xml version="1.0" encoding="UTF-8"?>
<!-- Generated by org.testng.reporters.JUnitReportReporter -->
<testsuite hostname="DESKTOP-H7UE10A" failures="0" tests="1" name="Basic_TestNG.Myntra" time="10.027" errors="0" timestamp="2024-02-28T11:53:12 IST" skipped="0">
  <testcase classname="Basic_TestNG.Myntra" name="MyntraPage" time="10.027"/>
  <system-out/>
</testsuite> <!-- Basic_TestNG.Myntra -->
